<?xml version="1.0" encoding="UTF-8"?>
<!-- Generated by org.testng.reporters.JUnitXMLReporter -->
<testsuite hostname="DESKTOP-CL25R4D" ignored="0" name="Dependency Test" tests="4" failures="1" timestamp="2022-11-29T00:40:51 IST" time="0.038" errors="0">
  <testcase name="userRegistration" time="0.002" classname="testCases.TestCase3NG">
    <failure type="java.lang.AssertionError" message="Not registered">
      <![CDATA[java.lang.AssertionError: Not registered
at testCases.TestCase3NG.userRegistration(TestCase3NG.java:11)
at java.util.ArrayList.forEach(ArrayList.java:1257)
... Removed 29 stack frames]]>
    </failure>
  </testcase> <!-- userRegistration -->
  <testcase name="doLogin" time="0.0" classname="testCases.TestCase3NG">
    <skipped/>
  </testcase> <!-- doLogin -->
  <testcase name="thirdTest" time="0.002" classname="testCases.TestCase3NG"/>
  <testcase name="fourthTest" time="0.0" classname="testCases.TestCase3NG">
    <skipped/>
  </testcase> <!-- fourthTest -->
</testsuite> <!-- Dependency Test -->
